18-Sep-19 16:22:59 : Starting Network Model Serivice...
18-Sep-19 16:22:59 : The WCF service GenericDataAccess is ready.
18-Sep-19 16:22:59 : Endpoints:
18-Sep-19 16:22:59 : net.tcp://localhost:10000/NetworkModelService/GDA/
18-Sep-19 16:22:59 : Connection string: ../NetworkModelData.data
18-Sep-19 16:22:59 : Trace level: Info
18-Sep-19 16:22:59 : The Network Model Service is started.
18-Sep-19 16:22:59 : Press <Enter> to stop the service.
18-Sep-19 17:08:03 : Applying  delta to network model.
18-Sep-19 17:08:03 : Inserting entity with GID (0000000600000001).
18-Sep-19 17:08:03 : Inserting entity with GID (0000000600000002).
18-Sep-19 17:08:03 : Inserting entity with GID (0000000400000001).
18-Sep-19 17:08:03 : Inserting entity with GID (0000000400000002).
18-Sep-19 17:08:03 : Inserting entity with GID (0000000100000001).
18-Sep-19 17:08:03 : Inserting entity with GID (0000000100000002).
18-Sep-19 17:08:03 : Inserting entity with GID (0000000200000001).
18-Sep-19 17:08:03 : Inserting entity with GID (0000000200000002).
18-Sep-19 17:08:03 : Inserting entity with GID (0000000500000001).
18-Sep-19 17:08:03 : Inserting entity with GID (0000000500000002).
18-Sep-19 17:08:03 : Inserting entity with GID (0000000300000001).
18-Sep-19 17:08:03 : Inserting entity with GID (0000000300000002).
18-Sep-19 17:08:03 : Applying delta to network model successfully finished.
18-Sep-19 17:14:10 : Starting Network Model Serivice...
18-Sep-19 17:14:11 : Inserting entity with GID (0000000600000001).
18-Sep-19 17:14:11 : Inserting entity with GID (0000000600000002).
18-Sep-19 17:14:11 : Inserting entity with GID (0000000400000001).
18-Sep-19 17:14:11 : Inserting entity with GID (0000000400000002).
18-Sep-19 17:14:11 : Inserting entity with GID (0000000100000001).
18-Sep-19 17:14:11 : Inserting entity with GID (0000000100000002).
18-Sep-19 17:14:11 : Inserting entity with GID (0000000200000001).
18-Sep-19 17:14:11 : Inserting entity with GID (0000000200000002).
18-Sep-19 17:14:11 : Inserting entity with GID (0000000500000001).
18-Sep-19 17:14:11 : Inserting entity with GID (0000000500000002).
18-Sep-19 17:14:11 : Inserting entity with GID (0000000300000001).
18-Sep-19 17:14:11 : Inserting entity with GID (0000000300000002).
18-Sep-19 17:14:11 : The WCF service GenericDataAccess is ready.
18-Sep-19 17:14:11 : Endpoints:
18-Sep-19 17:14:11 : net.tcp://localhost:10000/NetworkModelService/GDA/
18-Sep-19 17:14:11 : Connection string: ../NetworkModelData.data
18-Sep-19 17:14:11 : Trace level: Info
18-Sep-19 17:14:11 : The Network Model Service is started.
18-Sep-19 17:14:11 : Press <Enter> to stop the service.
18-Sep-19 17:16:37 : Starting Network Model Serivice...
18-Sep-19 17:16:37 : Inserting entity with GID (0000000600000001).
18-Sep-19 17:16:37 : Inserting entity with GID (0000000600000002).
18-Sep-19 17:16:37 : Inserting entity with GID (0000000400000001).
18-Sep-19 17:16:37 : Inserting entity with GID (0000000400000002).
18-Sep-19 17:16:37 : Inserting entity with GID (0000000100000001).
18-Sep-19 17:16:37 : Inserting entity with GID (0000000100000002).
18-Sep-19 17:16:37 : Inserting entity with GID (0000000200000001).
18-Sep-19 17:16:37 : Inserting entity with GID (0000000200000002).
18-Sep-19 17:16:37 : Inserting entity with GID (0000000500000001).
18-Sep-19 17:16:37 : Inserting entity with GID (0000000500000002).
18-Sep-19 17:16:37 : Inserting entity with GID (0000000300000001).
18-Sep-19 17:16:37 : Inserting entity with GID (0000000300000002).
18-Sep-19 17:16:37 : The WCF service GenericDataAccess is ready.
18-Sep-19 17:16:37 : Endpoints:
18-Sep-19 17:16:37 : net.tcp://localhost:10000/NetworkModelService/GDA/
18-Sep-19 17:16:37 : Connection string: ../NetworkModelData.data
18-Sep-19 17:16:37 : Trace level: Info
18-Sep-19 17:16:37 : The Network Model Service is started.
18-Sep-19 17:16:37 : Press <Enter> to stop the service.
18-Sep-19 17:16:51 : Applying  delta to network model.
18-Sep-19 17:16:51 : Inserting entity with GID (0000000600000003).
18-Sep-19 17:16:51 : Inserting entity with GID (0000000400000003).
18-Sep-19 17:16:51 : Inserting entity with GID (0000000100000003).
18-Sep-19 17:16:51 : Inserting entity with GID (0000000200000003).
18-Sep-19 17:16:51 : Inserting entity with GID (0000000500000003).
18-Sep-19 17:16:51 : Inserting entity with GID (0000000300000003).
18-Sep-19 17:16:51 : Applying delta to network model successfully finished.
18-Sep-19 17:18:50 : Unknown property id = CONNECTIVITYNODE_DESCRIPTION for entity (GID = 0x0000000300000003).
18-Sep-19 17:18:50 : Getting values for resource with ID = 0x0000000300000003 failed. Failed to get values for entity with GID = 0x0000000300000003. Unknown property id = CONNECTIVITYNODE_DESCRIPTION for entity (GID = 0x0000000300000003).
18-Sep-19 17:25:13 : Starting Network Model Serivice...
18-Sep-19 17:25:13 : The WCF service GenericDataAccess is ready.
18-Sep-19 17:25:13 : Endpoints:
18-Sep-19 17:25:13 : net.tcp://localhost:10000/NetworkModelService/GDA/
18-Sep-19 17:25:13 : Connection string: ../NetworkModelData.data
18-Sep-19 17:25:13 : Trace level: Info
18-Sep-19 17:25:13 : The Network Model Service is started.
18-Sep-19 17:25:13 : Press <Enter> to stop the service.
18-Sep-19 17:25:41 : Applying  delta to network model.
18-Sep-19 17:25:41 : Inserting entity with GID (0000000600000001).
18-Sep-19 17:25:41 : Inserting entity with GID (0000000600000002).
18-Sep-19 17:25:41 : Inserting entity with GID (0000000400000001).
18-Sep-19 17:25:41 : Inserting entity with GID (0000000400000002).
18-Sep-19 17:25:41 : Inserting entity with GID (0000000100000001).
18-Sep-19 17:25:41 : Inserting entity with GID (0000000100000002).
18-Sep-19 17:25:41 : Inserting entity with GID (0000000200000001).
18-Sep-19 17:25:41 : Inserting entity with GID (0000000200000002).
18-Sep-19 17:25:41 : Inserting entity with GID (0000000500000001).
18-Sep-19 17:25:41 : Inserting entity with GID (0000000500000002).
18-Sep-19 17:25:41 : Inserting entity with GID (0000000300000001).
18-Sep-19 17:25:41 : Inserting entity with GID (0000000300000002).
18-Sep-19 17:25:41 : Applying delta to network model successfully finished.
18-Sep-19 17:30:42 : Starting Network Model Serivice...
18-Sep-19 17:30:43 : Inserting entity with GID (0000000600000001).
18-Sep-19 17:30:43 : Inserting entity with GID (0000000600000002).
18-Sep-19 17:30:43 : Inserting entity with GID (0000000400000001).
18-Sep-19 17:30:43 : Inserting entity with GID (0000000400000002).
18-Sep-19 17:30:43 : Inserting entity with GID (0000000100000001).
18-Sep-19 17:30:43 : Inserting entity with GID (0000000100000002).
18-Sep-19 17:30:43 : Inserting entity with GID (0000000200000001).
18-Sep-19 17:30:43 : Inserting entity with GID (0000000200000002).
18-Sep-19 17:30:43 : Inserting entity with GID (0000000500000001).
18-Sep-19 17:30:43 : Inserting entity with GID (0000000500000002).
18-Sep-19 17:30:43 : Inserting entity with GID (0000000300000001).
18-Sep-19 17:30:43 : Inserting entity with GID (0000000300000002).
18-Sep-19 17:30:43 : The WCF service GenericDataAccess is ready.
18-Sep-19 17:30:43 : Endpoints:
18-Sep-19 17:30:43 : net.tcp://localhost:10000/NetworkModelService/GDA/
18-Sep-19 17:30:43 : Connection string: ../NetworkModelData.data
18-Sep-19 17:30:43 : Trace level: Info
18-Sep-19 17:30:43 : The Network Model Service is started.
18-Sep-19 17:30:43 : Press <Enter> to stop the service.
18-Sep-19 17:31:15 : Starting Network Model Serivice...
18-Sep-19 17:31:15 : The WCF service GenericDataAccess is ready.
18-Sep-19 17:31:15 : Endpoints:
18-Sep-19 17:31:15 : net.tcp://localhost:10000/NetworkModelService/GDA/
18-Sep-19 17:31:15 : Connection string: ../NetworkModelData.data
18-Sep-19 17:31:15 : Trace level: Info
18-Sep-19 17:31:15 : The Network Model Service is started.
18-Sep-19 17:31:15 : Press <Enter> to stop the service.
18-Sep-19 17:31:49 : Applying  delta to network model.
18-Sep-19 17:31:49 : Inserting entity with GID (0000000600000001).
18-Sep-19 17:31:49 : Inserting entity with GID (0000000600000002).
18-Sep-19 17:31:49 : Inserting entity with GID (0000000400000001).
18-Sep-19 17:31:49 : Inserting entity with GID (0000000400000002).
18-Sep-19 17:31:49 : Inserting entity with GID (0000000100000001).
18-Sep-19 17:31:49 : Inserting entity with GID (0000000100000002).
18-Sep-19 17:31:49 : Inserting entity with GID (0000000200000001).
18-Sep-19 17:31:49 : Inserting entity with GID (0000000200000002).
18-Sep-19 17:31:49 : Inserting entity with GID (0000000500000001).
18-Sep-19 17:31:49 : Inserting entity with GID (0000000500000002).
18-Sep-19 17:31:49 : Inserting entity with GID (0000000300000001).
18-Sep-19 17:31:49 : Inserting entity with GID (0000000300000002).
18-Sep-19 17:31:49 : Applying delta to network model successfully finished.
18-Sep-19 17:33:54 : Unknown property id = CONNECTIVITYNODE_DESCRIPTION for entity (GID = 0x0000000300000001).
18-Sep-19 17:33:54 : Getting values for resource with ID = 0x0000000300000001 failed. Failed to get values for entity with GID = 0x0000000300000001. Unknown property id = CONNECTIVITYNODE_DESCRIPTION for entity (GID = 0x0000000300000001).
18-Sep-19 17:45:32 : Starting Network Model Serivice...
18-Sep-19 17:45:32 : The WCF service GenericDataAccess is ready.
18-Sep-19 17:45:32 : Endpoints:
18-Sep-19 17:45:32 : net.tcp://localhost:10000/NetworkModelService/GDA/
18-Sep-19 17:45:32 : Connection string: ../NetworkModelData.data
18-Sep-19 17:45:32 : Trace level: Info
18-Sep-19 17:45:32 : The Network Model Service is started.
18-Sep-19 17:45:32 : Press <Enter> to stop the service.
18-Sep-19 17:46:13 : Applying  delta to network model.
18-Sep-19 17:46:13 : Inserting entity with GID (0000000600000001).
18-Sep-19 17:46:13 : Inserting entity with GID (0000000600000002).
18-Sep-19 17:46:13 : Inserting entity with GID (0000000400000001).
18-Sep-19 17:46:13 : Inserting entity with GID (0000000400000002).
18-Sep-19 17:46:13 : Inserting entity with GID (0000000100000001).
18-Sep-19 17:46:13 : Inserting entity with GID (0000000100000002).
18-Sep-19 17:46:13 : Inserting entity with GID (0000000200000001).
18-Sep-19 17:46:13 : Inserting entity with GID (0000000200000002).
18-Sep-19 17:46:13 : Inserting entity with GID (0000000500000001).
18-Sep-19 17:46:13 : Inserting entity with GID (0000000500000002).
18-Sep-19 17:46:13 : Inserting entity with GID (0000000300000001).
18-Sep-19 17:46:13 : Can not add reference TERMINAL_CONDEQ to entity (GID = 0x0000000200000001).
18-Sep-19 17:46:13 : Failed to insert entity (GID = 0x0000000300000001) into model. Can not add reference TERMINAL_CONDEQ to entity (GID = 0x0000000200000001).
18-Sep-19 17:46:13 : Applying delta to network model failed. Failed to insert entity (GID = 0x0000000300000001) into model. Can not add reference TERMINAL_CONDEQ to entity (GID = 0x0000000200000001)..
18-Sep-19 17:48:20 : Starting Network Model Serivice...
18-Sep-19 17:48:20 : The WCF service GenericDataAccess is ready.
18-Sep-19 17:48:20 : Endpoints:
18-Sep-19 17:48:20 : net.tcp://localhost:10000/NetworkModelService/GDA/
18-Sep-19 17:48:20 : Connection string: ../NetworkModelData.data
18-Sep-19 17:48:20 : Trace level: Info
18-Sep-19 17:48:20 : The Network Model Service is started.
18-Sep-19 17:48:20 : Press <Enter> to stop the service.
18-Sep-19 17:48:51 : Applying  delta to network model.
18-Sep-19 17:48:51 : Inserting entity with GID (0000000600000001).
18-Sep-19 17:48:51 : Inserting entity with GID (0000000600000002).
18-Sep-19 17:48:51 : Inserting entity with GID (0000000400000001).
18-Sep-19 17:48:51 : Inserting entity with GID (0000000400000002).
18-Sep-19 17:48:51 : Inserting entity with GID (0000000100000001).
18-Sep-19 17:48:51 : Inserting entity with GID (0000000100000002).
18-Sep-19 17:48:51 : Inserting entity with GID (0000000200000001).
18-Sep-19 17:48:51 : Inserting entity with GID (0000000200000002).
18-Sep-19 17:48:51 : Inserting entity with GID (0000000500000001).
18-Sep-19 17:48:51 : Inserting entity with GID (0000000500000002).
18-Sep-19 17:48:51 : Inserting entity with GID (0000000300000001).
18-Sep-19 17:48:51 : Inserting entity with GID (0000000300000002).
18-Sep-19 17:48:51 : Applying delta to network model successfully finished.
18-Sep-19 17:49:19 : Unknown property id = CONNECTIVITYNODE_DESCRIPTION for entity (GID = 0x0000000300000001).
18-Sep-19 17:49:19 : Getting values for resource with ID = 0x0000000300000001 failed. Failed to get values for entity with GID = 0x0000000300000001. Unknown property id = CONNECTIVITYNODE_DESCRIPTION for entity (GID = 0x0000000300000001).
18-Sep-19 17:59:52 : Unknown property id = CONNECTIVITYNODE_DESCRIPTION for entity (GID = 0x0000000300000001).
18-Sep-19 17:59:52 : Getting values for resource with ID = 0x0000000300000001 failed. Failed to get values for entity with GID = 0x0000000300000001. Unknown property id = CONNECTIVITYNODE_DESCRIPTION for entity (GID = 0x0000000300000001).
18-Sep-19 18:04:26 : Starting Network Model Serivice...
18-Sep-19 18:04:26 : The WCF service GenericDataAccess is ready.
18-Sep-19 18:04:26 : Endpoints:
18-Sep-19 18:04:26 : net.tcp://localhost:10000/NetworkModelService/GDA/
18-Sep-19 18:04:26 : Connection string: ../NetworkModelData.data
18-Sep-19 18:04:26 : Trace level: Info
18-Sep-19 18:04:26 : The Network Model Service is started.
18-Sep-19 18:04:26 : Press <Enter> to stop the service.
18-Sep-19 18:04:58 : Applying  delta to network model.
18-Sep-19 18:04:58 : Inserting entity with GID (0000000600000001).
18-Sep-19 18:04:58 : Inserting entity with GID (0000000600000002).
18-Sep-19 18:04:58 : Inserting entity with GID (0000000400000001).
18-Sep-19 18:04:58 : Inserting entity with GID (0000000400000002).
18-Sep-19 18:04:58 : Inserting entity with GID (0000000100000001).
18-Sep-19 18:04:58 : Inserting entity with GID (0000000100000002).
18-Sep-19 18:04:58 : Inserting entity with GID (0000000200000001).
18-Sep-19 18:04:58 : Inserting entity with GID (0000000200000002).
18-Sep-19 18:04:58 : Inserting entity with GID (0000000500000001).
18-Sep-19 18:04:58 : Inserting entity with GID (0000000500000002).
18-Sep-19 18:04:58 : Inserting entity with GID (0000000300000001).
18-Sep-19 18:04:58 : Inserting entity with GID (0000000300000002).
18-Sep-19 18:04:58 : Applying delta to network model successfully finished.
18-Sep-19 18:05:22 : Unknown property id = CONNECTIVITYNODE_DESCRIPTION for entity (GID = 0x0000000300000001).
18-Sep-19 18:05:22 : Getting values for resource with ID = 0x0000000300000001 failed. Failed to get values for entity with GID = 0x0000000300000001. Unknown property id = CONNECTIVITYNODE_DESCRIPTION for entity (GID = 0x0000000300000001).
18-Sep-19 18:06:39 : Unknown property id = CONNECTIVITYNODE_DESCRIPTION for entity (GID = 0x0000000300000001).
18-Sep-19 18:06:39 : Getting values for resource with ID = 0x0000000300000001 failed. Failed to get values for entity with GID = 0x0000000300000001. Unknown property id = CONNECTIVITYNODE_DESCRIPTION for entity (GID = 0x0000000300000001).
18-Sep-19 18:18:09 : Starting Network Model Serivice...
18-Sep-19 18:18:10 : The WCF service GenericDataAccess is ready.
18-Sep-19 18:18:10 : Endpoints:
18-Sep-19 18:18:10 : net.tcp://localhost:10000/NetworkModelService/GDA/
18-Sep-19 18:18:10 : Connection string: ../NetworkModelData.data
18-Sep-19 18:18:10 : Trace level: Info
18-Sep-19 18:18:10 : The Network Model Service is started.
18-Sep-19 18:18:10 : Press <Enter> to stop the service.
18-Sep-19 18:21:21 : Applying  delta to network model.
18-Sep-19 18:21:21 : Inserting entity with GID (0000000600000001).
18-Sep-19 18:21:21 : Inserting entity with GID (0000000600000002).
18-Sep-19 18:21:21 : Inserting entity with GID (0000000400000001).
18-Sep-19 18:21:21 : Inserting entity with GID (0000000400000002).
18-Sep-19 18:21:21 : Inserting entity with GID (0000000100000001).
18-Sep-19 18:21:21 : Inserting entity with GID (0000000100000002).
18-Sep-19 18:21:21 : Inserting entity with GID (0000000200000001).
18-Sep-19 18:21:21 : Inserting entity with GID (0000000200000002).
18-Sep-19 18:21:21 : Inserting entity with GID (0000000500000001).
18-Sep-19 18:21:21 : Inserting entity with GID (0000000500000002).
18-Sep-19 18:21:21 : Inserting entity with GID (0000000300000001).
18-Sep-19 18:21:21 : Inserting entity with GID (0000000300000002).
18-Sep-19 18:21:21 : Applying delta to network model successfully finished.
18-Sep-19 18:31:26 : Unknown property id = CONNECTIVITYNODE_TERMINALS for entity (GID = 0x0000000300000002).
18-Sep-19 18:31:26 : Getting values for resource with ID = 0x0000000300000002 failed. Failed to get values for entity with GID = 0x0000000300000002. Unknown property id = CONNECTIVITYNODE_TERMINALS for entity (GID = 0x0000000300000002).
18-Sep-19 18:32:01 : Starting Network Model Serivice...
18-Sep-19 18:32:01 : Inserting entity with GID (0000000600000001).
18-Sep-19 18:32:01 : Inserting entity with GID (0000000600000002).
18-Sep-19 18:32:01 : Inserting entity with GID (0000000400000001).
18-Sep-19 18:32:01 : Inserting entity with GID (0000000400000002).
18-Sep-19 18:32:01 : Inserting entity with GID (0000000100000001).
18-Sep-19 18:32:01 : Inserting entity with GID (0000000100000002).
18-Sep-19 18:32:01 : Inserting entity with GID (0000000200000001).
18-Sep-19 18:32:01 : Inserting entity with GID (0000000200000002).
18-Sep-19 18:32:01 : Inserting entity with GID (0000000500000001).
18-Sep-19 18:32:01 : Inserting entity with GID (0000000500000002).
18-Sep-19 18:32:01 : Inserting entity with GID (0000000300000001).
18-Sep-19 18:32:01 : Inserting entity with GID (0000000300000002).
18-Sep-19 18:32:01 : The WCF service GenericDataAccess is ready.
18-Sep-19 18:32:01 : Endpoints:
18-Sep-19 18:32:01 : net.tcp://localhost:10000/NetworkModelService/GDA/
18-Sep-19 18:32:01 : Connection string: ../NetworkModelData.data
18-Sep-19 18:32:01 : Trace level: Info
18-Sep-19 18:32:01 : The Network Model Service is started.
18-Sep-19 18:32:01 : Press <Enter> to stop the service.
18-Sep-19 18:35:46 : Unknown property id = CONNECTIVITYNODE_TERMINALS for entity (GID = 0x0000000300000001).
18-Sep-19 18:35:46 : Getting values for resource with ID = 0x0000000300000001 failed. Failed to get values for entity with GID = 0x0000000300000001. Unknown property id = CONNECTIVITYNODE_TERMINALS for entity (GID = 0x0000000300000001).
18-Sep-19 18:45:21 : Starting Network Model Serivice...
18-Sep-19 18:45:21 : Inserting entity with GID (0000000600000001).
18-Sep-19 18:45:21 : Inserting entity with GID (0000000600000002).
18-Sep-19 18:45:21 : Inserting entity with GID (0000000400000001).
18-Sep-19 18:45:21 : Inserting entity with GID (0000000400000002).
18-Sep-19 18:45:21 : Inserting entity with GID (0000000100000001).
18-Sep-19 18:45:21 : Inserting entity with GID (0000000100000002).
18-Sep-19 18:45:21 : Inserting entity with GID (0000000200000001).
18-Sep-19 18:45:21 : Inserting entity with GID (0000000200000002).
18-Sep-19 18:45:21 : Inserting entity with GID (0000000500000001).
18-Sep-19 18:45:21 : Inserting entity with GID (0000000500000002).
18-Sep-19 18:45:21 : Inserting entity with GID (0000000300000001).
18-Sep-19 18:45:21 : Inserting entity with GID (0000000300000002).
18-Sep-19 18:45:21 : The WCF service GenericDataAccess is ready.
18-Sep-19 18:45:21 : Endpoints:
18-Sep-19 18:45:21 : net.tcp://localhost:10000/NetworkModelService/GDA/
18-Sep-19 18:45:21 : Connection string: ../NetworkModelData.data
18-Sep-19 18:45:21 : Trace level: Info
18-Sep-19 18:45:21 : The Network Model Service is started.
18-Sep-19 18:45:21 : Press <Enter> to stop the service.
18-Sep-19 18:45:58 : Unknown property id = CONNECTIVITYNODE_TERMINALS for entity (GID = 0x0000000300000001).
18-Sep-19 18:45:58 : Getting values for resource with ID = 0x0000000300000001 failed. Failed to get values for entity with GID = 0x0000000300000001. Unknown property id = CONNECTIVITYNODE_TERMINALS for entity (GID = 0x0000000300000001).
18-Sep-19 18:48:14 : Starting Network Model Serivice...
18-Sep-19 18:48:14 : Inserting entity with GID (0000000600000001).
18-Sep-19 18:48:14 : Inserting entity with GID (0000000600000002).
18-Sep-19 18:48:14 : Inserting entity with GID (0000000400000001).
18-Sep-19 18:48:14 : Inserting entity with GID (0000000400000002).
18-Sep-19 18:48:14 : Inserting entity with GID (0000000100000001).
18-Sep-19 18:48:14 : Inserting entity with GID (0000000100000002).
18-Sep-19 18:48:14 : Inserting entity with GID (0000000200000001).
18-Sep-19 18:48:14 : Inserting entity with GID (0000000200000002).
18-Sep-19 18:48:14 : Inserting entity with GID (0000000500000001).
18-Sep-19 18:48:14 : Inserting entity with GID (0000000500000002).
18-Sep-19 18:48:14 : Inserting entity with GID (0000000300000001).
18-Sep-19 18:48:14 : Inserting entity with GID (0000000300000002).
18-Sep-19 18:48:15 : The WCF service GenericDataAccess is ready.
18-Sep-19 18:48:15 : Endpoints:
18-Sep-19 18:48:15 : net.tcp://localhost:10000/NetworkModelService/GDA/
18-Sep-19 18:48:15 : Connection string: ../NetworkModelData.data
18-Sep-19 18:48:15 : Trace level: Info
18-Sep-19 18:48:15 : The Network Model Service is started.
18-Sep-19 18:48:15 : Press <Enter> to stop the service.
18-Sep-19 18:51:06 : Starting Network Model Serivice...
18-Sep-19 18:51:07 : The WCF service GenericDataAccess is ready.
18-Sep-19 18:51:07 : Endpoints:
18-Sep-19 18:51:07 : net.tcp://localhost:10000/NetworkModelService/GDA/
18-Sep-19 18:51:07 : Connection string: ../NetworkModelData.data
18-Sep-19 18:51:07 : Trace level: Info
18-Sep-19 18:51:07 : The Network Model Service is started.
18-Sep-19 18:51:07 : Press <Enter> to stop the service.
18-Sep-19 18:51:47 : Applying  delta to network model.
18-Sep-19 18:51:47 : Inserting entity with GID (0000000600000001).
18-Sep-19 18:51:47 : Inserting entity with GID (0000000600000002).
18-Sep-19 18:51:47 : Inserting entity with GID (0000000400000001).
18-Sep-19 18:51:47 : Inserting entity with GID (0000000400000002).
18-Sep-19 18:51:47 : Inserting entity with GID (0000000100000001).
18-Sep-19 18:51:47 : Inserting entity with GID (0000000100000002).
18-Sep-19 18:51:47 : Inserting entity with GID (0000000200000001).
18-Sep-19 18:51:47 : Inserting entity with GID (0000000200000002).
18-Sep-19 18:51:47 : Inserting entity with GID (0000000500000001).
18-Sep-19 18:51:47 : Inserting entity with GID (0000000500000002).
18-Sep-19 18:51:47 : Inserting entity with GID (0000000300000001).
18-Sep-19 18:51:47 : Inserting entity with GID (0000000300000002).
18-Sep-19 18:51:47 : Applying delta to network model successfully finished.
18-Sep-19 19:30:26 : Starting Network Model Serivice...
18-Sep-19 19:30:26 : Inserting entity with GID (0000000600000001).
18-Sep-19 19:30:27 : Inserting entity with GID (0000000600000002).
18-Sep-19 19:30:27 : Inserting entity with GID (0000000400000001).
18-Sep-19 19:30:27 : Inserting entity with GID (0000000400000002).
18-Sep-19 19:30:27 : Inserting entity with GID (0000000100000001).
18-Sep-19 19:30:27 : Inserting entity with GID (0000000100000002).
18-Sep-19 19:30:27 : Inserting entity with GID (0000000200000001).
18-Sep-19 19:30:27 : Inserting entity with GID (0000000200000002).
18-Sep-19 19:30:27 : Inserting entity with GID (0000000500000001).
18-Sep-19 19:30:27 : Inserting entity with GID (0000000500000002).
18-Sep-19 19:30:27 : Inserting entity with GID (0000000300000001).
18-Sep-19 19:30:27 : Inserting entity with GID (0000000300000002).
18-Sep-19 19:30:27 : The WCF service GenericDataAccess is ready.
18-Sep-19 19:30:27 : Endpoints:
18-Sep-19 19:30:27 : net.tcp://localhost:10000/NetworkModelService/GDA/
18-Sep-19 19:30:27 : Connection string: ../NetworkModelData.data
18-Sep-19 19:30:27 : Trace level: Info
18-Sep-19 19:30:27 : The Network Model Service is started.
18-Sep-19 19:30:27 : Press <Enter> to stop the service.
18-Sep-19 19:41:46 : Starting Network Model Serivice...
18-Sep-19 19:41:46 : The WCF service GenericDataAccess is ready.
18-Sep-19 19:41:46 : Endpoints:
18-Sep-19 19:41:46 : net.tcp://localhost:10000/NetworkModelService/GDA/
18-Sep-19 19:41:46 : Connection string: ../NetworkModelData.data
18-Sep-19 19:41:46 : Trace level: Info
18-Sep-19 19:41:46 : The Network Model Service is started.
18-Sep-19 19:41:46 : Press <Enter> to stop the service.
18-Sep-19 19:42:41 : Applying  delta to network model.
18-Sep-19 19:42:41 : Inserting entity with GID (0000000600000001).
18-Sep-19 19:42:41 : Inserting entity with GID (0000000600000002).
18-Sep-19 19:42:41 : Inserting entity with GID (0000000400000001).
18-Sep-19 19:42:41 : Inserting entity with GID (0000000400000002).
18-Sep-19 19:42:41 : Inserting entity with GID (0000000100000001).
18-Sep-19 19:42:41 : Inserting entity with GID (0000000100000002).
18-Sep-19 19:42:41 : Inserting entity with GID (0000000200000001).
18-Sep-19 19:42:41 : Inserting entity with GID (0000000200000002).
18-Sep-19 19:42:41 : Inserting entity with GID (0000000500000001).
18-Sep-19 19:42:41 : Inserting entity with GID (0000000500000002).
18-Sep-19 19:42:41 : Inserting entity with GID (0000000300000001).
18-Sep-19 19:42:41 : Inserting entity with GID (0000000300000002).
18-Sep-19 19:42:41 : Applying delta to network model successfully finished.
19-Sep-19 16:33:59 : Starting Network Model Serivice...
19-Sep-19 16:34:00 : Inserting entity with GID (0000000600000001).
19-Sep-19 16:34:00 : Inserting entity with GID (0000000600000002).
19-Sep-19 16:34:00 : Inserting entity with GID (0000000400000001).
19-Sep-19 16:34:00 : Inserting entity with GID (0000000400000002).
19-Sep-19 16:34:00 : Inserting entity with GID (0000000100000001).
19-Sep-19 16:34:00 : Inserting entity with GID (0000000100000002).
19-Sep-19 16:34:00 : Inserting entity with GID (0000000200000001).
19-Sep-19 16:34:00 : Inserting entity with GID (0000000200000002).
19-Sep-19 16:34:00 : Inserting entity with GID (0000000500000001).
19-Sep-19 16:34:00 : Inserting entity with GID (0000000500000002).
19-Sep-19 16:34:00 : Inserting entity with GID (0000000300000001).
19-Sep-19 16:34:00 : Inserting entity with GID (0000000300000002).
19-Sep-19 16:34:00 : The WCF service GenericDataAccess is ready.
19-Sep-19 16:34:00 : Endpoints:
19-Sep-19 16:34:00 : net.tcp://localhost:10000/NetworkModelService/GDA/
19-Sep-19 16:34:00 : Connection string: ../NetworkModelData.data
19-Sep-19 16:34:00 : Trace level: Info
19-Sep-19 16:34:00 : The Network Model Service is started.
19-Sep-19 16:34:00 : Press <Enter> to stop the service.
19-Sep-19 17:13:05 : Starting Network Model Serivice...
19-Sep-19 17:13:05 : Inserting entity with GID (0000000600000001).
19-Sep-19 17:13:05 : Inserting entity with GID (0000000600000002).
19-Sep-19 17:13:05 : Inserting entity with GID (0000000400000001).
19-Sep-19 17:13:05 : Inserting entity with GID (0000000400000002).
19-Sep-19 17:13:05 : Inserting entity with GID (0000000100000001).
19-Sep-19 17:13:05 : Inserting entity with GID (0000000100000002).
19-Sep-19 17:13:05 : Inserting entity with GID (0000000200000001).
19-Sep-19 17:13:05 : Inserting entity with GID (0000000200000002).
19-Sep-19 17:13:05 : Inserting entity with GID (0000000500000001).
19-Sep-19 17:13:05 : Inserting entity with GID (0000000500000002).
19-Sep-19 17:13:05 : Inserting entity with GID (0000000300000001).
19-Sep-19 17:13:05 : Inserting entity with GID (0000000300000002).
19-Sep-19 17:13:06 : The WCF service GenericDataAccess is ready.
19-Sep-19 17:13:06 : Endpoints:
19-Sep-19 17:13:06 : net.tcp://localhost:10000/NetworkModelService/GDA/
19-Sep-19 17:13:06 : Connection string: ../NetworkModelData.data
19-Sep-19 17:13:06 : Trace level: Info
19-Sep-19 17:13:06 : The Network Model Service is started.
19-Sep-19 17:13:06 : Press <Enter> to stop the service.
19-Sep-19 17:14:39 : Starting Network Model Serivice...
19-Sep-19 17:14:40 : The WCF service GenericDataAccess is ready.
19-Sep-19 17:14:40 : Endpoints:
19-Sep-19 17:14:40 : net.tcp://localhost:10000/NetworkModelService/GDA/
19-Sep-19 17:14:40 : Connection string: ../NetworkModelData.data
19-Sep-19 17:14:40 : Trace level: Info
19-Sep-19 17:14:40 : The Network Model Service is started.
19-Sep-19 17:14:40 : Press <Enter> to stop the service.
